<?xml version="1.0" encoding="UTF-8"?>
<!-- Generated by org.testng.reporters.JUnitReportReporter -->
<testsuite hostname="DESKTOP-FHH7LA1" failures="0" tests="1" name="_01_Login.TC001_Verify_Flipkart_Login" time="34.107" errors="0" timestamp="2025-02-13T00:05:51 IST" skipped="0">
  <testcase classname="_01_Login.TC001_Verify_Flipkart_Login" name="verifyFlipkartLoginSuccess" time="34.107"/>
</testsuite> <!-- _01_Login.TC001_Verify_Flipkart_Login -->
