<?xml version="1.0" encoding="UTF-8"?>
<!-- Generated by org.testng.reporters.JUnitReportReporter -->
<testsuite hostname="DESKTOP-FHH7LA1" failures="0" tests="1" name="_01_Login.TC002_Verify_Flipkart_Logout" time="44.640" errors="0" timestamp="2025-02-13T00:07:31 IST" skipped="0">
  <testcase classname="_01_Login.TC002_Verify_Flipkart_Logout" name="verifyFlipkartLoginSuccess" time="44.640"/>
</testsuite> <!-- _01_Login.TC002_Verify_Flipkart_Logout -->
